::1 - GET /hello HTTP/1.1 404 144 - 0.687 ms
::1 - GET / HTTP/1.1 304 - - 196.118 ms
::1 - GET /stylesheets/style.css HTTP/1.1 304 - - 2.943 ms
::1 - GET /user HTTP/1.1 404 143 - 2.012 ms
::1 - GET /users HTTP/1.1 200 23 - 0.776 ms
::1 - GET / HTTP/1.1 404 139 - 4.294 ms
::1 - GET / HTTP/1.1 404 139 - 1.049 ms
::1 - POST / HTTP/1.1 200 6 - 6.090 ms
::1 - POST / HTTP/1.1 200 6 - 0.549 ms
::1 - POST / HTTP/1.1 500 1627 - 202.658 ms
::1 - POST / HTTP/1.1 500 1627 - 24.283 ms
::1 - POST / HTTP/1.1 500 1627 - 6.574 ms
::1 - POST / HTTP/1.1 200 2 - 6.467 ms
::1 - POST / HTTP/1.1 200 37 - 11.905 ms
::1 - POST / HTTP/1.1 200 2 - 1.386 ms
::1 - POST / HTTP/1.1 200 31 - 6.573 ms
::1 - POST / HTTP/1.1 200 162 - 2.000 ms
::1 - POST / HTTP/1.1 200 162 - 2.856 ms
::1 - POST / HTTP/1.1 200 10 - 8.228 ms
::1 - POST / HTTP/1.1 200 10 - 0.925 ms
::1 - POST / HTTP/1.1 200 162 - 9.894 ms
::1 - POST / HTTP/1.1 200 172 - 12.138 ms
::1 - POST / HTTP/1.1 200 16 - 565.665 ms
::1 - POST / HTTP/1.1 200 16 - 407.694 ms
::1 - POST / HTTP/1.1 200 16 - 457.507 ms
::1 - POST / HTTP/1.1 200 16 - 494.605 ms
::1 - POST / HTTP/1.1 200 16 - 609.696 ms
::1 - POST / HTTP/1.1 200 39 - 206.940 ms
::1 - GET / HTTP/1.1 404 139 - 4.447 ms
::1 - GET / HTTP/1.1 404 139 - 1.393 ms
::1 - GET /favicon.ico HTTP/1.1 404 150 - 12.756 ms
::1 - POST / HTTP/1.1 200 39 - 463.870 ms
::1 - POST / HTTP/1.1 200 39 - 792.645 ms
::1 - POST / HTTP/1.1 200 39 - 93.099 ms
